0 info it worked if it ends with ok
1 verbose cli [ '/usr/local/Cellar/node/6.6.0/bin/node',
1 verbose cli   '/usr/local/bin/npm',
1 verbose cli   'run',
1 verbose cli   'test' ]
2 info using npm@3.10.7
3 info using node@v6.6.0
4 verbose run-script [ 'pretest', 'test', 'posttest' ]
5 info lifecycle calagator@1.0.0~pretest: calagator@1.0.0
6 silly lifecycle calagator@1.0.0~pretest: no script for pretest, continuing
7 info lifecycle calagator@1.0.0~test: calagator@1.0.0
8 verbose lifecycle calagator@1.0.0~test: unsafe-perm in lifecycle true
9 verbose lifecycle calagator@1.0.0~test: PATH: /usr/local/lib/node_modules/npm/bin/node-gyp-bin:/Users/mclark/Projects/alexa/calagator/node_modules/.bin:/usr/local/Cellar/node/6.6.0/bin:/Users/mclark/.rvm/gems/ruby-2.1.1/bin:/Users/mclark/.rvm/gems/ruby-2.1.1@global/bin:/Users/mclark/.rvm/rubies/ruby-2.1.1/bin:/usr/local/heroku/bin:/usr/local/sbin:/Users/mclark/.npm-packages/bin:/Users/mclark/bin:/usr/local/bin:/usr/local/bin:/Library/Java/JavaVirtualMachines/jdk1.8.0_25.jdk/Contents/Home/bin:/opt/android/sdk/tools:/opt/android/sdk/platform-tools:/usr/local/bin:/usr/bin:/bin:/usr/sbin:/sbin:/opt/X11/bin:/Users/mclark/.rvm/bin
10 verbose lifecycle calagator@1.0.0~test: CWD: /Users/mclark/Projects/alexa/calagator
11 silly lifecycle calagator@1.0.0~test: Args: [ '-c', 'export TZ=UTC; mocha --recursive test' ]
12 silly lifecycle calagator@1.0.0~test: Returned: code: 7  signal: null
13 info lifecycle calagator@1.0.0~test: Failed to exec test script
14 verbose stack Error: calagator@1.0.0 test: `export TZ=UTC; mocha --recursive test`
14 verbose stack Exit status 7
14 verbose stack     at EventEmitter.<anonymous> (/usr/local/lib/node_modules/npm/lib/utils/lifecycle.js:255:16)
14 verbose stack     at emitTwo (events.js:106:13)
14 verbose stack     at EventEmitter.emit (events.js:191:7)
14 verbose stack     at ChildProcess.<anonymous> (/usr/local/lib/node_modules/npm/lib/utils/spawn.js:40:14)
14 verbose stack     at emitTwo (events.js:106:13)
14 verbose stack     at ChildProcess.emit (events.js:191:7)
14 verbose stack     at maybeClose (internal/child_process.js:877:16)
14 verbose stack     at Process.ChildProcess._handle.onexit (internal/child_process.js:226:5)
15 verbose pkgid calagator@1.0.0
16 verbose cwd /Users/mclark/Projects/alexa/calagator
17 error Darwin 16.0.0
18 error argv "/usr/local/Cellar/node/6.6.0/bin/node" "/usr/local/bin/npm" "run" "test"
19 error node v6.6.0
20 error npm  v3.10.7
21 error code ELIFECYCLE
22 error calagator@1.0.0 test: `export TZ=UTC; mocha --recursive test`
22 error Exit status 7
23 error Failed at the calagator@1.0.0 test script 'export TZ=UTC; mocha --recursive test'.
23 error Make sure you have the latest version of node.js and npm installed.
23 error If you do, this is most likely a problem with the calagator package,
23 error not with npm itself.
23 error Tell the author that this fails on your system:
23 error     export TZ=UTC; mocha --recursive test
23 error You can get information on how to open an issue for this project with:
23 error     npm bugs calagator
23 error Or if that isn't available, you can get their info via:
23 error     npm owner ls calagator
23 error There is likely additional logging output above.
24 verbose exit [ 1, true ]
